<?xml version="1.0" encoding="UTF-8"?>
<testsuite xmlns:xsi="http://www.w3.org/2001/XMLSchema-instance" xsi:noNamespaceSchemaLocation="https://maven.apache.org/surefire/maven-surefire-plugin/xsd/surefire-test-report-3.0.xsd" version="3.0" name="com.mycompany.bolsagen_00000267883.BolsaGenNumTest" time="0.104" tests="16" errors="0" skipped="0" failures="0">
  <properties>
[...]
</properties>
  <testcase name="testConTiposNumericos" classname="com.mycompany.bolsagen_00000267883.BolsaGenNumTest" time="0.034"/>
  <testcase name="testMayoresNingunElementoMayor" classname="com.mycompany.bolsagen_00000267883.BolsaGenNumTest" time="0.001"/>
  <testcase name="testMayoresUnElemento" classname="com.mycompany.bolsagen_00000267883.BolsaGenNumTest" time="0.002"/>
  <testcase name="testFuncionalidadHeredada" classname="com.mycompany.bolsagen_00000267883.BolsaGenNumTest" time="0.002"/>
  <testcase name="testSumaUnElemento" classname="com.mycompany.bolsagen_00000267883.BolsaGenNumTest" time="0.001"/>
  <testcase name="testPromedioElementosValidos" classname="com.mycompany.bolsagen_00000267883.BolsaGenNumTest" time="0.002"/>
  <testcase name="testMayoresElementosValidos" classname="com.mycompany.bolsagen_00000267883.BolsaGenNumTest" time="0.001"/>
  <testcase name="testSumaNumerosNegativos" classname="com.mycompany.bolsagen_00000267883.BolsaGenNumTest" time="0.001"/>
  <testcase name="testConstructorCapacidadNegativa" classname="com.mycompany.bolsagen_00000267883.BolsaGenNumTest" time="0.003"/>
  <testcase name="testPromedioBolsaVacia" classname="com.mycompany.bolsagen_00000267883.BolsaGenNumTest" time="0.001"/>
  <testcase name="testAgregarElementoBolsaLlena" classname="com.mycompany.bolsagen_00000267883.BolsaGenNumTest" time="0.001"/>
  <testcase name="testMayoresBolsaVacia" classname="com.mycompany.bolsagen_00000267883.BolsaGenNumTest" time="0.002"/>
  <testcase name="testFuncionalidadCompletaMatematica" classname="com.mycompany.bolsagen_00000267883.BolsaGenNumTest" time="0.001"/>
  <testcase name="testSumaBolsaVacia" classname="com.mycompany.bolsagen_00000267883.BolsaGenNumTest" time="0.001"/>
  <testcase name="testPromedioUnElemento" classname="com.mycompany.bolsagen_00000267883.BolsaGenNumTest" time="0.0"/>
  <testcase name="testSumaElementosValidos" classname="com.mycompany.bolsagen_00000267883.BolsaGenNumTest" time="0.001"/>
</testsuite>